\BOOKMARK [0][-]{chapter.1}{\376\377\000M\000o\000d\000e\000l\000s}{}% 1
\BOOKMARK [1][-]{section.1.1}{\376\377\000f\000i\000r\000e\000D\000i\000f\000f\000.\000M\000o\000d\000e\000l\000s\000.\000u\000n\000e\000t}{chapter.1}% 2
\BOOKMARK [2][-]{subsection.1.1.1}{\376\377\000P\000a\000r\000a\000m\000e\000t\000e\000r\000s\000:}{section.1.1}% 3
\BOOKMARK [2][-]{subsection.1.1.2}{\376\377\000R\000e\000t\000u\000r\000n\000s\000:}{section.1.1}% 4
\BOOKMARK [3][-]{subsubsection*.5}{\376\377\000P\000a\000r\000a\000m\000e\000t\000e\000r\000s\000:}{subsection.1.1.2}% 5
\BOOKMARK [3][-]{subsubsection*.6}{\376\377\000R\000e\000t\000u\000r\000n\000s\000:}{subsection.1.1.2}% 6
\BOOKMARK [2][-]{subsection.1.1.3}{\376\377\000P\000a\000r\000a\000m\000e\000t\000e\000r\000s\000:}{section.1.1}% 7
\BOOKMARK [2][-]{subsection.1.1.4}{\376\377\000R\000e\000t\000u\000r\000n\000s\000:}{section.1.1}% 8
\BOOKMARK [3][-]{subsubsection*.9}{\376\377\000P\000a\000r\000a\000m\000e\000t\000e\000r\000s\000:}{subsection.1.1.4}% 9
\BOOKMARK [3][-]{subsubsection*.10}{\376\377\000R\000e\000t\000u\000r\000n\000s\000:}{subsection.1.1.4}% 10
\BOOKMARK [2][-]{subsection.1.1.5}{\376\377\000R\000e\000t\000u\000r\000n\000s\000:}{section.1.1}% 11
\BOOKMARK [3][-]{subsubsection*.13}{\376\377\000P\000a\000r\000a\000m\000e\000t\000e\000r\000s\000:}{subsection.1.1.5}% 12
\BOOKMARK [3][-]{subsubsection*.14}{\376\377\000R\000e\000t\000u\000r\000n\000s\000:}{subsection.1.1.5}% 13
\BOOKMARK [2][-]{subsection.1.1.6}{\376\377\000R\000e\000t\000u\000r\000n\000s\000:}{section.1.1}% 14
\BOOKMARK [3][-]{subsubsection*.17}{\376\377\000P\000a\000r\000a\000m\000e\000t\000e\000r\000s\000:}{subsection.1.1.6}% 15
\BOOKMARK [3][-]{subsubsection*.18}{\376\377\000R\000e\000t\000u\000r\000n\000s\000:}{subsection.1.1.6}% 16
\BOOKMARK [2][-]{subsection.1.1.7}{\376\377\000R\000e\000t\000u\000r\000n\000s\000:}{section.1.1}% 17
\BOOKMARK [3][-]{subsubsection*.21}{\376\377\000P\000a\000r\000a\000m\000e\000t\000e\000r\000s\000:}{subsection.1.1.7}% 18
\BOOKMARK [3][-]{subsubsection*.22}{\376\377\000R\000e\000t\000u\000r\000n\000s\000:}{subsection.1.1.7}% 19
\BOOKMARK [1][-]{section.1.2}{\376\377\000f\000i\000r\000e\000D\000i\000f\000f\000.\000M\000o\000d\000e\000l\000s\000.\000u\000n\000e\000t\000\137\000p\000r\000e\000d\000i\000c\000t\000o\000r}{chapter.1}% 20
\BOOKMARK [2][-]{subsection.1.2.1}{\376\377\000P\000a\000r\000a\000m\000e\000t\000e\000r\000s\000:}{section.1.2}% 21
\BOOKMARK [2][-]{subsection.1.2.2}{\376\377\000R\000e\000t\000u\000r\000n\000s\000:}{section.1.2}% 22
\BOOKMARK [1][-]{section.1.3}{\376\377\000f\000i\000r\000e\000D\000i\000f\000f\000.\000M\000o\000d\000e\000l\000s\000.\000d\000i\000f\000f\000u\000s\000i\000o\000n\000m\000o\000d\000e\000l}{chapter.1}% 23
\BOOKMARK [2][-]{subsection.1.3.1}{\376\377\000P\000a\000r\000a\000m\000e\000t\000e\000r\000s\000:}{section.1.3}% 24
\BOOKMARK [2][-]{subsection.1.3.2}{\376\377\000R\000e\000t\000u\000r\000n\000s\000:}{section.1.3}% 25
\BOOKMARK [3][-]{subsubsection*.35}{\376\377\000P\000a\000r\000a\000m\000e\000t\000e\000r\000s\000:}{subsection.1.3.2}% 26
\BOOKMARK [3][-]{subsubsection*.36}{\376\377\000R\000e\000t\000u\000r\000n\000s\000:}{subsection.1.3.2}% 27
\BOOKMARK [3][-]{subsubsection*.38}{\376\377\000P\000a\000r\000a\000m\000e\000t\000e\000r\000s\000:}{subsection.1.3.2}% 28
\BOOKMARK [3][-]{subsubsection*.39}{\376\377\000R\000e\000t\000u\000r\000n\000s\000:}{subsection.1.3.2}% 29
\BOOKMARK [3][-]{subsubsection*.41}{\376\377\000P\000a\000r\000a\000m\000e\000t\000e\000r\000s\000:}{subsection.1.3.2}% 30
\BOOKMARK [3][-]{subsubsection*.42}{\376\377\000R\000e\000t\000u\000r\000n\000s\000:}{subsection.1.3.2}% 31
\BOOKMARK [3][-]{subsubsection*.44}{\376\377\000P\000a\000r\000a\000m\000e\000t\000e\000r\000s\000:}{subsection.1.3.2}% 32
\BOOKMARK [3][-]{subsubsection*.45}{\376\377\000R\000e\000t\000u\000r\000n\000s\000:}{subsection.1.3.2}% 33
\BOOKMARK [2][-]{subsection.1.3.3}{\376\377\000P\000a\000r\000a\000m\000e\000t\000e\000r\000s\000:}{section.1.3}% 34
\BOOKMARK [2][-]{subsection.1.3.4}{\376\377\000R\000e\000t\000u\000r\000n\000s\000:}{section.1.3}% 35
\BOOKMARK [3][-]{subsubsection*.49}{\376\377\000P\000a\000r\000a\000m\000e\000t\000e\000r\000s\000:}{subsection.1.3.4}% 36
\BOOKMARK [3][-]{subsubsection*.50}{\376\377\000R\000e\000t\000u\000r\000n\000s\000:}{subsection.1.3.4}% 37
\BOOKMARK [3][-]{subsubsection*.52}{\376\377\000P\000a\000r\000a\000m\000e\000t\000e\000r\000s\000:}{subsection.1.3.4}% 38
\BOOKMARK [3][-]{subsubsection*.53}{\376\377\000R\000e\000t\000u\000r\000n\000s\000:}{subsection.1.3.4}% 39
\BOOKMARK [3][-]{subsubsection*.55}{\376\377\000P\000a\000r\000a\000m\000e\000t\000e\000r\000s\000:}{subsection.1.3.4}% 40
\BOOKMARK [3][-]{subsubsection*.56}{\376\377\000R\000e\000t\000u\000r\000n\000s\000:}{subsection.1.3.4}% 41
\BOOKMARK [3][-]{subsubsection*.58}{\376\377\000P\000a\000r\000a\000m\000e\000t\000e\000r\000s\000:}{subsection.1.3.4}% 42
\BOOKMARK [3][-]{subsubsection*.59}{\376\377\000R\000e\000t\000u\000r\000n\000s\000:}{subsection.1.3.4}% 43
\BOOKMARK [3][-]{subsubsection*.61}{\376\377\000P\000a\000r\000a\000m\000e\000t\000e\000r\000s\000:}{subsection.1.3.4}% 44
\BOOKMARK [3][-]{subsubsection*.62}{\376\377\000R\000e\000t\000u\000r\000n\000s\000:}{subsection.1.3.4}% 45
\BOOKMARK [1][-]{section.1.4}{\376\377\000f\000i\000r\000e\000D\000i\000f\000f\000.\000M\000o\000d\000e\000l\000s\000.\000c\000a\000e}{chapter.1}% 46
\BOOKMARK [2][-]{subsection.1.4.1}{\376\377\000P\000a\000r\000a\000m\000e\000t\000e\000r\000s\000:}{section.1.4}% 47
\BOOKMARK [2][-]{subsection.1.4.2}{\376\377\000R\000e\000t\000u\000r\000n\000s\000:}{section.1.4}% 48
\BOOKMARK [3][-]{subsubsection*.65}{\376\377\000P\000a\000r\000a\000m\000e\000t\000e\000r\000s\000:}{subsection.1.4.2}% 49
\BOOKMARK [3][-]{subsubsection*.66}{\376\377\000R\000e\000t\000u\000r\000n\000s\000:}{subsection.1.4.2}% 50
\BOOKMARK [1][-]{section.1.5}{\376\377\000f\000i\000r\000e\000D\000i\000f\000f\000.\000M\000o\000d\000e\000l\000s\000.\000f\000c\000a\000e}{chapter.1}% 51
\BOOKMARK [2][-]{subsection.1.5.1}{\376\377\000P\000a\000r\000a\000m\000e\000t\000e\000r\000s\000:}{section.1.5}% 52
\BOOKMARK [2][-]{subsection.1.5.2}{\376\377\000R\000e\000t\000u\000r\000n\000s\000:}{section.1.5}% 53
\BOOKMARK [3][-]{subsubsection*.69}{\376\377\000P\000a\000r\000a\000m\000e\000t\000e\000r\000s\000:}{subsection.1.5.2}% 54
\BOOKMARK [3][-]{subsubsection*.70}{\376\377\000R\000e\000t\000u\000r\000n\000s\000:}{subsection.1.5.2}% 55
\BOOKMARK [1][-]{section.1.6}{\376\377\000f\000i\000r\000e\000D\000i\000f\000f\000.\000M\000o\000d\000e\000l\000s\000.\000u\000t\000i\000l\000s}{chapter.1}% 56
\BOOKMARK [2][-]{subsection.1.6.1}{\376\377\000P\000a\000r\000a\000m\000e\000t\000e\000r\000s\000:}{section.1.6}% 57
\BOOKMARK [2][-]{subsection.1.6.2}{\376\377\000R\000e\000t\000u\000r\000n\000s\000:}{section.1.6}% 58
\BOOKMARK [2][-]{subsection.1.6.3}{\376\377\000E\000x\000a\000m\000p\000l\000e\000:}{section.1.6}% 59
\BOOKMARK [2][-]{subsection.1.6.4}{\376\377\000P\000a\000r\000a\000m\000e\000t\000e\000r\000s\000:}{section.1.6}% 60
\BOOKMARK [2][-]{subsection.1.6.5}{\376\377\000R\000e\000t\000u\000r\000n\000s\000:}{section.1.6}% 61
\BOOKMARK [2][-]{subsection.1.6.6}{\376\377\000E\000x\000a\000m\000p\000l\000e\000:}{section.1.6}% 62
\BOOKMARK [2][-]{subsection.1.6.7}{\376\377\000P\000a\000r\000a\000m\000e\000t\000e\000r\000s\000:}{section.1.6}% 63
\BOOKMARK [2][-]{subsection.1.6.8}{\376\377\000R\000e\000t\000u\000r\000n\000s\000:}{section.1.6}% 64
\BOOKMARK [2][-]{subsection.1.6.9}{\376\377\000R\000a\000i\000s\000e\000s\000:}{section.1.6}% 65
\BOOKMARK [2][-]{subsection.1.6.10}{\376\377\000E\000x\000a\000m\000p\000l\000e\000:}{section.1.6}% 66
\BOOKMARK [2][-]{subsection.1.6.11}{\376\377\000P\000a\000r\000a\000m\000e\000t\000e\000r\000s\000:}{section.1.6}% 67
\BOOKMARK [2][-]{subsection.1.6.12}{\376\377\000R\000e\000t\000u\000r\000n\000s\000:}{section.1.6}% 68
\BOOKMARK [2][-]{subsection.1.6.13}{\376\377\000E\000x\000a\000m\000p\000l\000e\000:}{section.1.6}% 69
\BOOKMARK [2][-]{subsection.1.6.14}{\376\377\000P\000a\000r\000a\000m\000e\000t\000e\000r\000s\000:}{section.1.6}% 70
\BOOKMARK [2][-]{subsection.1.6.15}{\376\377\000R\000e\000t\000u\000r\000n\000s\000:}{section.1.6}% 71
\BOOKMARK [2][-]{subsection.1.6.16}{\376\377\000E\000x\000a\000m\000p\000l\000e\000:}{section.1.6}% 72
\BOOKMARK [0][-]{chapter.2}{\376\377\000D\000a\000t\000a\000s\000e\000t\000s}{}% 73
\BOOKMARK [1][-]{section.2.1}{\376\377\000f\000i\000r\000e\000D\000i\000f\000f\000.\000D\000a\000t\000a\000s\000e\000t\000s\000.\000p\000a\000i\000r\000d\000a\000t\000a\000s\000e\000t}{chapter.2}% 74
\BOOKMARK [2][-]{subsection.2.1.1}{\376\377\000A\000t\000t\000r\000i\000b\000u\000t\000e\000s\000:}{section.2.1}% 75
\BOOKMARK [2][-]{subsection.2.1.2}{\376\377\000P\000a\000r\000a\000m\000e\000t\000e\000r\000s\000:}{section.2.1}% 76
\BOOKMARK [1][-]{section.2.2}{\376\377\000f\000i\000r\000e\000D\000i\000f\000f\000.\000D\000a\000t\000a\000s\000e\000t\000s\000.\000v\000i\000d\000e\000o\000d\000a\000t\000a\000s\000e\000t}{chapter.2}% 77
\BOOKMARK [2][-]{subsection.2.2.1}{\376\377\000P\000a\000r\000a\000m\000e\000t\000e\000r\000s\000:}{section.2.2}% 78
\BOOKMARK [2][-]{subsection.2.2.2}{\376\377\000R\000e\000t\000u\000r\000n\000s\000:}{section.2.2}% 79
\BOOKMARK [3][-]{subsubsection*.79}{\376\377\000P\000a\000r\000a\000m\000e\000t\000e\000r\000s\000:}{subsection.2.2.2}% 80
\BOOKMARK [3][-]{subsubsection*.80}{\376\377\000R\000e\000t\000u\000r\000n\000s\000:}{subsection.2.2.2}% 81
\BOOKMARK [3][-]{subsubsection*.82}{\376\377\000R\000e\000t\000u\000r\000n\000s\000:}{subsection.2.2.2}% 82
\BOOKMARK [0][-]{chapter.3}{\376\377\000U\000t\000i\000l\000i\000t\000i\000e\000s}{}% 83
\BOOKMARK [1][-]{section.3.1}{\376\377\000f\000i\000r\000e\000D\000i\000f\000f\000.\000U\000t\000i\000l\000s\000.\000u\000t\000i\000l\000i\000t\000i\000e\000s}{chapter.3}% 84
\BOOKMARK [2][-]{subsection.3.1.1}{\376\377\000P\000a\000r\000a\000m\000e\000t\000e\000r\000s\000:}{section.3.1}% 85
\BOOKMARK [2][-]{subsection.3.1.2}{\376\377\000R\000e\000t\000u\000r\000n\000s\000:}{section.3.1}% 86
\BOOKMARK [2][-]{subsection.3.1.3}{\376\377\000R\000a\000i\000s\000e\000s\000:}{section.3.1}% 87
\BOOKMARK [2][-]{subsection.3.1.4}{\376\377\000E\000x\000a\000m\000p\000l\000e\000:}{section.3.1}% 88
\BOOKMARK [2][-]{subsection.3.1.5}{\376\377\000P\000a\000r\000a\000m\000e\000t\000e\000r\000s\000:}{section.3.1}% 89
\BOOKMARK [2][-]{subsection.3.1.6}{\376\377\000R\000e\000t\000u\000r\000n\000s\000:}{section.3.1}% 90
\BOOKMARK [2][-]{subsection.3.1.7}{\376\377\000E\000x\000a\000m\000p\000l\000e\000:}{section.3.1}% 91
\BOOKMARK [0][-]{section*.85}{\376\377\000P\000y\000t\000h\000o\000n\000\040\000M\000o\000d\000u\000l\000e\000\040\000I\000n\000d\000e\000x}{}% 92
\BOOKMARK [0][-]{section*.86}{\376\377\000I\000n\000d\000e\000x}{}% 93
